[0m[[0m[0mdebug[0m] [0m[0m> Exec(run, Some(25ffdf8f-599a-4235-87db-6a87c4e9cb17), Some(CommandSource(console0)))[0m
[0m[[0m[0mdebug[0m] [0m[0mEvaluating tasks: Compile / run[0m
[0m[[0m[0mdebug[0m] [0m[0mRunning task... Cancel: Signal, check cycles: false, forcegc: true[0m
[0m[[0m[0minfo[0m] [0m[0mcompiling 1 Scala source to /home/yorch/dev/scala-fundamentals/target/scala-2.13/classes ...[0m
[0m[[0m[31merror[0m] [0m[0mjava.lang.RuntimeException: No main class detected.[0m
[0m[[0m[31merror[0m] [0m[0m	at scala.sys.package$.error(package.scala:30)[0m
[0m[[0m[31merror[0m] [0m[0m	at sbt.Defaults$.$anonfun$bgRunTask$4(Defaults.scala:1975)[0m
[0m[[0m[31merror[0m] [0m[0m	at scala.Option.getOrElse(Option.scala:189)[0m
[0m[[0m[31merror[0m] [0m[0m	at sbt.Defaults$.$anonfun$bgRunTask$3(Defaults.scala:1975)[0m
[0m[[0m[31merror[0m] [0m[0m	at scala.Function1.$anonfun$compose$1(Function1.scala:49)[0m
[0m[[0m[31merror[0m] [0m[0m	at sbt.internal.util.$tilde$greater.$anonfun$$u2219$1(TypeFunctions.scala:63)[0m
[0m[[0m[31merror[0m] [0m[0m	at sbt.std.Transform$$anon$4.work(Transform.scala:69)[0m
[0m[[0m[31merror[0m] [0m[0m	at sbt.Execute.$anonfun$submit$2(Execute.scala:283)[0m
[0m[[0m[31merror[0m] [0m[0m	at sbt.internal.util.ErrorHandling$.wideConvert(ErrorHandling.scala:24)[0m
[0m[[0m[31merror[0m] [0m[0m	at sbt.Execute.work(Execute.scala:292)[0m
[0m[[0m[31merror[0m] [0m[0m	at sbt.Execute.$anonfun$submit$1(Execute.scala:283)[0m
[0m[[0m[31merror[0m] [0m[0m	at sbt.ConcurrentRestrictions$$anon$4.$anonfun$submitValid$1(ConcurrentRestrictions.scala:265)[0m
[0m[[0m[31merror[0m] [0m[0m	at sbt.CompletionService$$anon$2.call(CompletionService.scala:65)[0m
[0m[[0m[31merror[0m] [0m[0m	at java.util.concurrent.FutureTask.run(FutureTask.java:266)[0m
[0m[[0m[31merror[0m] [0m[0m	at java.util.concurrent.Executors$RunnableAdapter.call(Executors.java:511)[0m
[0m[[0m[31merror[0m] [0m[0m	at java.util.concurrent.FutureTask.run(FutureTask.java:266)[0m
[0m[[0m[31merror[0m] [0m[0m	at java.util.concurrent.ThreadPoolExecutor.runWorker(ThreadPoolExecutor.java:1149)[0m
[0m[[0m[31merror[0m] [0m[0m	at java.util.concurrent.ThreadPoolExecutor$Worker.run(ThreadPoolExecutor.java:624)[0m
[0m[[0m[31merror[0m] [0m[0m	at java.lang.Thread.run(Thread.java:750)[0m
[0m[[0m[31merror[0m] [0m[0m(Compile / [31mbgRun[0m) No main class detected.[0m
[0m[[0m[31merror[0m] [0m[0mTotal time: 2 s, completed Mar 7, 2024 12:36:40 PM[0m
[0m[[0m[0mdebug[0m] [0m[0m> Exec(shell, None, None)[0m
